<?xml version="1.0" encoding="UTF-8"?>
<!-- Generated by org.testng.reporters.JUnitReportReporter -->
<testsuite hostname="AnkitDhakulkar" name="TestNGRunner$TestNGAppRunner" tests="1" failures="0" timestamp="15 Apr 2024 09:50:56 GMT" time="53.716" errors="0">
  <testcase name="feature" time="53.716" classname="TestNGRunner$TestNGAppRunner"/>
</testsuite> <!-- TestNGRunner$TestNGAppRunner -->
